<?xml version="1.0" encoding="UTF-8"?>
<!-- Generated by org.testng.reporters.JUnitReportReporter -->
<testsuite hostname="123456789123456" failures="0" tests="2" name="testng.prac5" time="6.676" errors="0" timestamp="2023-10-02T00:40:32 EDT" skipped="0">
  <testcase classname="testng.prac5" name="test1" time="4.024"/>
  <testcase classname="testng.prac5" name="test2" time="2.652"/>
</testsuite> <!-- testng.prac5 -->
