<?xml version="1.0" encoding="UTF-8"?>
<!-- Generated by org.testng.reporters.JUnitReportReporter -->
<testsuite hostname="123456789123456" failures="0" tests="2" name="testng.Day10" time="16.036" errors="0" timestamp="2023-10-08T21:26:41 EDT" skipped="0">
  <testcase classname="testng.Day10" name="TestCase1" time="11.194"/>
  <testcase classname="testng.Day10" name="TestCase3" time="4.842"/>
</testsuite> <!-- testng.Day10 -->
