<?xml version="1.0" encoding="UTF-8"?>
<!-- Generated by org.testng.reporters.JUnitReportReporter -->
<testsuite hostname="123456789123456" failures="0" tests="1" name="testng.Day14" time="10.390" errors="0" timestamp="2023-10-09T23:26:42 EDT" skipped="0">
  <testcase classname="testng.Day14" name="TestCaseOne" time="10.390"/>
</testsuite> <!-- testng.Day14 -->
