<?xml version="1.0" encoding="UTF-8"?>
<!-- Generated by org.testng.reporters.JUnitReportReporter -->
<testsuite hostname="123456789123456" failures="0" tests="1" name="testng.Day7" time="0.009" errors="0" timestamp="2023-10-05T00:01:54 EDT" skipped="0">
  <testcase classname="testng.Day7" name="TestOne" time="0.009"/>
</testsuite> <!-- testng.Day7 -->
