<?xml version="1.0" encoding="UTF-8"?>
<!-- Generated by org.testng.reporters.JUnitReportReporter -->
<testsuite hostname="123456789123456" failures="0" tests="5" name="testng.Days2" time="0.012" errors="0" timestamp="2023-10-01T23:37:55 EDT" skipped="0">
  <testcase classname="testng.Days2" name="testcase2" time="0.007"/>
  <testcase classname="testng.Days2" name="testcase4" time="0.001"/>
  <testcase classname="testng.Days2" name="testcase5" time="0.002"/>
  <testcase classname="testng.Days2" name="testcase6" time="0.001"/>
  <testcase classname="testng.Days2" name="testcase3" time="0.001"/>
</testsuite> <!-- testng.Days2 -->
