<?xml version="1.0" encoding="UTF-8"?>
<!-- Generated by org.testng.reporters.JUnitReportReporter -->
<testsuite hostname="123456789123456" failures="0" tests="1" name="testng.tests14screenshot" time="9.373" errors="0" timestamp="2023-10-13T16:44:24 EDT" skipped="0">
  <testcase classname="testng.tests14screenshot" name="TestCaseOne" time="9.373"/>
</testsuite> <!-- testng.tests14screenshot -->
