<?xml version="1.0" encoding="UTF-8"?>
<!-- Generated by org.testng.reporters.JUnitReportReporter -->
<testsuite hostname="123456789123456" failures="0" tests="1" name="testng.Day6ghij" time="4.771" errors="0" timestamp="2023-10-04T21:36:03 EDT" skipped="0">
  <testcase classname="testng.Day6ghij" name="TestCase1" time="4.771"/>
</testsuite> <!-- testng.Day6ghij -->
