<?xml version="1.0" encoding="UTF-8"?>
<!-- Generated by org.testng.reporters.JUnitReportReporter -->
<testsuite hostname="123456789123456" failures="0" tests="1" name="testng.test14" time="9.231" errors="0" timestamp="2023-10-13T16:14:37 EDT" skipped="0">
  <testcase classname="testng.test14" name="TestCaseOne" time="9.231"/>
</testsuite> <!-- testng.test14 -->
