<?xml version="1.0" encoding="UTF-8"?>
<!-- Generated by org.testng.reporters.JUnitReportReporter -->
<testsuite hostname="123456789123456" failures="0" tests="4" name="testngrevision.revision9" time="14.032" errors="0" timestamp="2023-10-25T16:29:57 EDT" skipped="0">
  <testcase classname="testngrevision.revision9" name="loginTestcase" time="6.771"/>
  <testcase classname="testngrevision.revision9" name="loginTestcase" time="1.773"/>
  <testcase classname="testngrevision.revision9" name="loginTestcase" time="1.810"/>
  <testcase classname="testngrevision.revision9" name="loginTestcase" time="3.678"/>
</testsuite> <!-- testngrevision.revision9 -->
