<?xml version="1.0" encoding="UTF-8"?>
<!-- Generated by org.testng.reporters.JUnitReportReporter -->
<testsuite hostname="123456789123456" failures="0" tests="1" name="testng.pra10" time="7.339" errors="0" timestamp="2023-10-08T21:33:43 EDT" skipped="0">
  <testcase classname="testng.pra10" name="TestCase1" time="7.339"/>
</testsuite> <!-- testng.pra10 -->
