<?xml version="1.0" encoding="UTF-8"?>
<!-- Generated by org.testng.reporters.JUnitReportReporter -->
<testsuite hostname="123456789123456" failures="0" tests="1" name="testng.Day16" time="7.744" errors="0" timestamp="2023-10-11T23:34:08 EDT" skipped="0">
  <testcase classname="testng.Day16" name="CalenderTest" time="7.744"/>
</testsuite> <!-- testng.Day16 -->
