<?xml version="1.0" encoding="UTF-8"?>
<!-- Generated by org.testng.reporters.JUnitReportReporter -->
<testsuite hostname="123456789123456" failures="0" tests="1" name="testng.Days1" time="0.006" errors="0" timestamp="2023-10-01T23:55:33 EDT" skipped="0">
  <testcase classname="testng.Days1" name="testcase1" time="0.006"/>
</testsuite> <!-- testng.Days1 -->
