<?xml version="1.0" encoding="UTF-8"?>
<!-- Generated by org.testng.reporters.JUnitReportReporter -->
<testsuite hostname="123456789123456" failures="0" tests="1" name="testng.day1" time="3.514" errors="0" timestamp="2023-09-29T22:47:07 EDT" skipped="0">
  <testcase classname="testng.day1" name="test" time="3.514"/>
</testsuite> <!-- testng.day1 -->
