<?xml version="1.0" encoding="UTF-8"?>
<!-- Generated by org.testng.reporters.JUnitReportReporter -->
<testsuite hostname="123456789123456" failures="0" tests="1" name="testng.Day6b" time="8.036" errors="0" timestamp="2023-10-04T00:38:05 EDT" skipped="0">
  <testcase classname="testng.Day6b" name="TestCase1" time="8.036"/>
</testsuite> <!-- testng.Day6b -->
