<?xml version="1.0" encoding="UTF-8"?>
<!-- Generated by org.testng.reporters.JUnitReportReporter -->
<testsuite hostname="123456789123456" failures="0" tests="1" name="testng.tesst15" time="3.091" errors="0" timestamp="2023-10-12T15:19:28 EDT" skipped="0">
  <testcase classname="testng.tesst15" name="TestCase1" time="3.091"/>
</testsuite> <!-- testng.tesst15 -->
