<?xml version="1.0" encoding="UTF-8"?>
<!-- Generated by org.testng.reporters.JUnitReportReporter -->
<testsuite hostname="123456789123456" failures="0" tests="1" name="testng.Day6d" time="2.816" errors="0" timestamp="2023-10-04T00:37:16 EDT" skipped="0">
  <testcase classname="testng.Day6d" name="TestCase1" time="2.816"/>
</testsuite> <!-- testng.Day6d -->
