<?xml version="1.0" encoding="UTF-8"?>
<!-- Generated by org.testng.reporters.JUnitReportReporter -->
<testsuite hostname="123456789123456" failures="0" tests="3" name="testng.Day11d" time="0.015" errors="0" timestamp="2023-10-07T00:55:39 EDT" skipped="1">
  <testcase classname="testng.Day11d" name="TestOne" time="0.010"/>
  <testcase classname="testng.Day11d" name="TestTwo" time="0.005"/>
  <testcase classname="testng.Day11d" name="TestThree">
    <skipped/>
  </testcase> <!-- TestThree -->
</testsuite> <!-- testng.Day11d -->
