<?xml version="1.0" encoding="UTF-8"?>
<!-- Generated by org.testng.reporters.JUnitReportReporter -->
<testsuite hostname="123456789123456" failures="0" tests="3" name="testng.Day12b" time="0.003" errors="0" timestamp="2023-10-07T23:09:32 EDT" skipped="0">
  <testcase classname="testng.Day12b" name="testCase4" time="0.001"/>
  <testcase classname="testng.Day12b" name="testCase6" time="0.001"/>
  <testcase classname="testng.Day12b" name="testCase5" time="0.001"/>
</testsuite> <!-- testng.Day12b -->
