<?xml version="1.0" encoding="UTF-8"?>
<!-- Generated by org.testng.reporters.JUnitReportReporter -->
<testsuite hostname="123456789123456" failures="0" tests="2" name="testng.testng" time="6.238" errors="0" timestamp="2023-10-06T00:02:55 EDT" skipped="0">
  <testcase classname="testng.testng" name="AutoSuggestiveDropDown" time="3.690"/>
  <testcase classname="testng.testng" name="AutoSuggestiveDropDownTwo" time="2.548"/>
</testsuite> <!-- testng.testng -->
