<?xml version="1.0" encoding="UTF-8"?>
<!-- Generated by org.testng.reporters.JUnitReportReporter -->
<testsuite hostname="123456789123456" failures="0" tests="3" name="testng.Day13" time="0.010" errors="0" timestamp="2023-10-07T23:22:48 EDT" skipped="0">
  <testcase classname="testng.Day13" name="search" time="0.002"/>
  <testcase classname="testng.Day13" name="addToCart" time="0.002"/>
  <testcase classname="testng.Day13" name="login" time="0.006"/>
</testsuite> <!-- testng.Day13 -->
