<?xml version="1.0" encoding="UTF-8"?>
<!-- Generated by org.testng.reporters.JUnitReportReporter -->
<testsuite hostname="123456789123456" failures="0" tests="2" name="testngrevision.rev3tagNameandcurrentUrl" time="5.806" errors="0" timestamp="2023-10-27T12:39:09 EDT" skipped="0">
  <testcase classname="testngrevision.rev3tagNameandcurrentUrl" name="TestCaseOne" time="3.654"/>
  <testcase classname="testngrevision.rev3tagNameandcurrentUrl" name="TestCaseTwo" time="2.152"/>
</testsuite> <!-- testngrevision.rev3tagNameandcurrentUrl -->
