<?xml version="1.0" encoding="UTF-8"?>
<!-- Generated by org.testng.reporters.JUnitReportReporter -->
<testsuite hostname="123456789123456" failures="0" tests="2" name="testng.Day8" time="6.286" errors="0" timestamp="2023-10-04T23:50:56 EDT" skipped="0">
  <testcase classname="testng.Day8" name="testCaseOne" time="3.475"/>
  <testcase classname="testng.Day8" name="testCaseTwo" time="2.811"/>
</testsuite> <!-- testng.Day8 -->
