<?xml version="1.0" encoding="UTF-8"?>
<!-- Generated by org.testng.reporters.JUnitReportReporter -->
<testsuite hostname="123456789123456" failures="0" tests="2" name="testng.Totallink" time="6.066" errors="0" timestamp="2023-10-12T11:21:33 EDT" skipped="0">
  <testcase classname="testng.Totallink" name="brokenlink2" time="3.879"/>
  <testcase classname="testng.Totallink" name="totallink1" time="2.187"/>
</testsuite> <!-- testng.Totallink -->
