<?xml version="1.0" encoding="UTF-8"?>
<!-- Generated by org.testng.reporters.JUnitReportReporter -->
<testsuite hostname="123456789123456" failures="0" tests="2" name="testngrevision.revision5" time="0.003" errors="0" timestamp="2023-10-25T15:49:49 EDT" skipped="0">
  <testcase classname="testngrevision.revision5" name="testCaseSix" time="0.001"/>
  <testcase classname="testngrevision.revision5" name="testCaseSeven" time="0.002"/>
</testsuite> <!-- testngrevision.revision5 -->
