<?xml version="1.0" encoding="UTF-8"?>
<!-- Generated by org.testng.reporters.JUnitReportReporter -->
<testsuite hostname="123456789123456" failures="0" tests="3" name="testng.Day11a" time="0.010" errors="0" timestamp="2023-10-06T23:01:13 EDT" skipped="0">
  <testcase classname="testng.Day11a" name="TestcaseOne" time="0.009"/>
  <testcase classname="testng.Day11a" name="TestcaseTwo" time="0.000"/>
  <testcase classname="testng.Day11a" name="TestcaseThree" time="0.001"/>
</testsuite> <!-- testng.Day11a -->
