<?xml version="1.0" encoding="UTF-8"?>
<!-- Generated by org.testng.reporters.JUnitReportReporter -->
<testsuite hostname="123456789123456" failures="0" tests="1" name="testngrevision.asserthardandsoft" time="2.240" errors="0" timestamp="2023-10-23T17:54:22 EDT" skipped="0">
  <testcase classname="testngrevision.asserthardandsoft" name="testContactForm" time="2.240"/>
</testsuite> <!-- testngrevision.asserthardandsoft -->
