<?xml version="1.0" encoding="UTF-8"?>
<!-- Generated by org.testng.reporters.JUnitReportReporter -->
<testsuite hostname="123456789123456" failures="0" tests="2" name="testng.Day4" time="0.011" errors="0" timestamp="2023-10-07T00:16:29 EDT" skipped="0">
  <testcase classname="testng.Day4" name="testOne" time="0.008"/>
  <testcase classname="testng.Day4" name="testTwo" time="0.003"/>
</testsuite> <!-- testng.Day4 -->
