<?xml version="1.0" encoding="UTF-8"?>
<!-- Generated by org.testng.reporters.JUnitReportReporter -->
<testsuite hostname="123456789123456" failures="0" tests="1" name="testng.Day6c" time="2.835" errors="0" timestamp="2023-10-04T00:36:21 EDT" skipped="0">
  <testcase classname="testng.Day6c" name="TestCase1" time="2.835"/>
</testsuite> <!-- testng.Day6c -->
