<?xml version="1.0" encoding="UTF-8"?>
<!-- Generated by org.testng.reporters.JUnitReportReporter -->
<testsuite hostname="123456789123456" failures="0" tests="1" name="testCase.LoginTest" time="4.326" errors="0" timestamp="2023-10-18T22:20:50 EDT" skipped="0">
  <testcase classname="testCase.LoginTest" name="loginAndAddToCartTest" time="4.326"/>
</testsuite> <!-- testCase.LoginTest -->
