<?xml version="1.0" encoding="UTF-8"?>
<!-- Generated by org.testng.reporters.JUnitReportReporter -->
<testsuite hostname="123456789123456" failures="0" tests="1" name="testCase.ProductTest" time="0.016" errors="0" timestamp="2023-10-24T22:07:19 EDT" skipped="0">
  <testcase classname="testCase.ProductTest" name="VerifyTitleforProduct" time="0.016"/>
</testsuite> <!-- testCase.ProductTest -->
