<?xml version="1.0" encoding="UTF-8"?>
<!-- Generated by org.testng.reporters.JUnitReportReporter -->
<testsuite hostname="123456789123456" failures="0" tests="2" name="testng.Day5" time="5.372" errors="0" timestamp="2023-10-04T00:40:14 EDT" skipped="0">
  <testcase classname="testng.Day5" name="testOne" time="3.323"/>
  <testcase classname="testng.Day5" name="testTwo" time="2.049"/>
</testsuite> <!-- testng.Day5 -->
