<?xml version="1.0" encoding="UTF-8"?>
<!-- Generated by org.testng.reporters.JUnitReportReporter -->
<testsuite hostname="123456789123456" failures="0" tests="3" name="testngrevision.revision6priority" time="0.008" errors="0" timestamp="2023-10-25T15:57:31 EDT" skipped="0">
  <testcase classname="testngrevision.revision6priority" name="Apple" time="0.007"/>
  <testcase classname="testngrevision.revision6priority" name="Mango" time="0.000"/>
  <testcase classname="testngrevision.revision6priority" name="Orange" time="0.001"/>
</testsuite> <!-- testngrevision.revision6priority -->
