<?xml version="1.0" encoding="UTF-8"?>
<!-- Generated by org.testng.reporters.JUnitReportReporter -->
<testsuite hostname="123456789123456" failures="0" tests="3" name="testngrevision.rev12depends" time="0.013" errors="0" timestamp="2023-10-25T18:27:19 EDT" skipped="0">
  <testcase classname="testngrevision.rev12depends" name="TestCashSix" time="0.001"/>
  <testcase classname="testngrevision.rev12depends" name="TestCashFive" time="0.011"/>
  <testcase classname="testngrevision.rev12depends" name="TestCashFour" time="0.001"/>
</testsuite> <!-- testngrevision.rev12depends -->
