<?xml version="1.0" encoding="UTF-8"?>
<!-- Generated by org.testng.reporters.JUnitReportReporter -->
<testsuite hostname="123456789123456" failures="0" tests="2" name="testng.test5" time="6.620" errors="0" timestamp="2023-10-26T17:14:30 EDT" skipped="0">
  <testcase classname="testng.test5" name="testOne" time="1.920"/>
  <testcase classname="testng.test5" name="testTwo" time="4.700"/>
</testsuite> <!-- testng.test5 -->
