<?xml version="1.0" encoding="UTF-8"?>
<!-- Generated by org.testng.reporters.JUnitReportReporter -->
<testsuite hostname="123456789123456" failures="0" tests="2" name="testng.test4" time="0.006" errors="0" timestamp="2023-10-26T17:11:20 EDT" skipped="0">
  <testcase classname="testng.test4" name="testTwo" time="0.002"/>
  <testcase classname="testng.test4" name="testOne" time="0.004"/>
</testsuite> <!-- testng.test4 -->
