<?xml version="1.0" encoding="UTF-8"?>
<!-- Generated by org.testng.reporters.JUnitReportReporter -->
<testsuite hostname="123456789123456" failures="0" tests="6" name="testng.Day3" time="0.022" errors="0" timestamp="2023-10-01T23:59:18 EDT" skipped="0">
  <testcase classname="testng.Day3" name="six" time="0.002"/>
  <testcase classname="testng.Day3" name="five" time="0.012"/>
  <testcase classname="testng.Day3" name="testcase4" time="0.002"/>
  <testcase classname="testng.Day3" name="testcase3" time="0.001"/>
  <testcase classname="testng.Day3" name="testcase2" time="0.003"/>
  <testcase classname="testng.Day3" name="testcase1" time="0.002"/>
</testsuite> <!-- testng.Day3 -->
